#
# There is insufficient memory for the Java Runtime Environment to continue.
# Native memory allocation (malloc) failed to allocate 1144416 bytes for Chunk::new
# Possible reasons:
#   The system is out of physical RAM or swap space
#   The process is running with CompressedOops enabled, and the Java Heap may be blocking the growth of the native heap
# Possible solutions:
#   Reduce memory load on the system
#   Increase physical memory or swap space
#   Check if swap backing store is full
#   Decrease Java heap size (-Xmx/-Xms)
#   Decrease number of Java threads
#   Decrease Java thread stack sizes (-Xss)
#   Set larger code cache with -XX:ReservedCodeCacheSize=
#   JVM is running with Unscaled Compressed Oops mode in which the Java heap is
#     placed in the first 4GB address space. The Java Heap base address is the
#     maximum limit for the native heap growth. Please use -XX:HeapBaseMinAddress
#     to set the Java Heap base and to place the Java Heap above 4GB virtual address.
# This output file may be truncated or incomplete.
#
#  Out of Memory Error (arena.cpp:189), pid=5004, tid=15708
#
# JRE version: Java(TM) SE Runtime Environment (17.0.1+12) (build 17.0.1+12-LTS-39)
# Java VM: Java HotSpot(TM) 64-Bit Server VM (17.0.1+12-LTS-39, mixed mode, sharing, tiered, compressed oops, compressed class ptrs, g1 gc, windows-amd64)
# No core dump will be written. Minidumps are not enabled by default on client versions of Windows
#

---------------  S U M M A R Y ------------

Command Line: -javaagent:C:\Program Files\JetBrains\IntelliJ IDEA Community Edition 2021.2.3\lib\idea_rt.jar=52717:C:\Program Files\JetBrains\IntelliJ IDEA Community Edition 2021.2.3\bin -Dfile.encoding=UTF-8 --module-path=C:\Users\Hacker-Man\.m2\repository\org\openjfx\javafx-base\17.0.0.1\javafx-base-17.0.0.1-win.jar;C:\Users\Hacker-Man\.m2\repository\org\openjfx\javafx-graphics\17.0.0.1\javafx-graphics-17.0.0.1-win.jar;C:\Users\Hacker-Man\.m2\repository\eu\hansolo\tilesfx\11.48\tilesfx-11.48.jar;C:\Users\Hacker-Man\.m2\repository\org\openjfx\javafx-fxml\17.0.0.1\javafx-fxml-17.0.0.1-win.jar;C:\Users\Hacker-Man\.m2\repository\org\openjfx\javafx-media\17.0.0.1\javafx-media-17.0.0.1-win.jar;C:\Users\Hacker-Man\.m2\repository\org\openjfx\javafx-web\17.0.0.1\javafx-web-17.0.0.1-win.jar;C:\Users\Hacker-Man\.m2\repository\com\dlsc\formsfx\formsfx-core\11.3.2\formsfx-core-11.3.2.jar;C:\Users\Hacker-Man\.m2\repository\org\controlsfx\controlsfx\11.1.0\controlsfx-11.1.0.jar;C:\Users\Hacker-Man\Desktop\HealthForAll\HealthForAll\target\classes;C:\Users\Hacker-Man\.m2\repository\org\openjfx\javafx-controls\17.0.0.1\javafx-controls-17.0.0.1-win.jar;C:\Users\Hacker-Man\.m2\repository\net\synedra\validatorfx\0.1.13\validatorfx-0.1.13.jar;C:\Users\Hacker-Man\Downloads\mongo-java-driver-3.12.10.jar;C:\Users\Hacker-Man\.m2\repository\org\kordamp\ikonli\ikonli-javafx\12.2.0\ikonli-javafx-12.2.0.jar;C:\Users\Hacker-Man\.m2\repository\org\kordamp\ikonli\ikonli-core\12.2.0\ikonli-core-12.2.0.jar;C:\Users\Hacker-Man\.m2\repository\org\kordamp\bootstrapfx\bootstrapfx-core\0.4.0\bootstrapfx-core-0.4.0.jar -Djdk.module.main=com.example.healthforall com.example.healthforall/com.example.healthforall.HelloApplication

Host: Intel(R) Core(TM) i7-6700HQ CPU @ 2.60GHz, 8 cores, 7G,  Windows 10 , 64 bit Build 19041 (10.0.19041.1348)
Time: Mon Jan  3 14:10:07 2022 Pacific Standard Time elapsed time: 0.443610 seconds (0d 0h 0m 0s)

---------------  T H R E A D  ---------------

Current thread (0x0000021f7cf7aa00):  JavaThread "C2 CompilerThread0" daemon [_thread_in_native, id=15708, stack(0x000000a784500000,0x000000a784600000)]


Current CompileTask:
C2:    446  248       4       java.util.stream.ReferencePipeline$3$1::accept (23 bytes)

Stack: [0x000000a784500000,0x000000a784600000]
Native frames: (J=compiled Java code, j=interpreted, Vv=VM code, C=native code)
V  [jvm.dll+0x66fa1a]
V  [jvm.dll+0x7ce5a4]
V  [jvm.dll+0x7cfd4e]
V  [jvm.dll+0x7d03b3]
V  [jvm.dll+0x242b05]
V  [jvm.dll+0xaa05b]
V  [jvm.dll+0xaa5ec]
V  [jvm.dll+0x2a953f]
V  [jvm.dll+0x5785a9]
V  [jvm.dll+0x21dd7d]
V  [jvm.dll+0x21e15f]
V  [jvm.dll+0x217a2a]
V  [jvm.dll+0x214f05]
V  [jvm.dll+0x1a168d]
V  [jvm.dll+0x224848]
V  [jvm.dll+0x2229ac]
V  [jvm.dll+0x78435b]
V  [jvm.dll+0x77e91a]
V  [jvm.dll+0x66e845]
C  [ucrtbase.dll+0x21bb2]
C  [KERNEL32.DLL+0x17034]
C  [ntdll.dll+0x52651]


---------------  P R O C E S S  ---------------

Threads class SMR info:
_java_thread_list=0x0000021f7e38f5b0, length=14, elements={
0x0000021f6bf78150, 0x0000021f7cf5dd40, 0x0000021f7cf60ad0, 0x0000021f7cf704f0,
0x0000021f7cf72ec0, 0x0000021f7cf73780, 0x0000021f7cf76860, 0x0000021f7cf7aa00,
0x0000021f7cf9b3c0, 0x0000021f7cf9c8d0, 0x0000021f7cf44230, 0x0000021f7dcf3760,
0x0000021f7e442860, 0x0000021f7e91e8c0
}

Java Threads: ( => current thread )
  0x0000021f6bf78150 JavaThread "main" [_thread_in_native, id=14836, stack(0x000000a783800000,0x000000a783900000)]
  0x0000021f7cf5dd40 JavaThread "Reference Handler" daemon [_thread_blocked, id=268, stack(0x000000a783f00000,0x000000a784000000)]
  0x0000021f7cf60ad0 JavaThread "Finalizer" daemon [_thread_blocked, id=13736, stack(0x000000a784000000,0x000000a784100000)]
  0x0000021f7cf704f0 JavaThread "Signal Dispatcher" daemon [_thread_blocked, id=11632, stack(0x000000a784100000,0x000000a784200000)]
  0x0000021f7cf72ec0 JavaThread "Attach Listener" daemon [_thread_blocked, id=22192, stack(0x000000a784200000,0x000000a784300000)]
  0x0000021f7cf73780 JavaThread "Service Thread" daemon [_thread_blocked, id=3980, stack(0x000000a784300000,0x000000a784400000)]
  0x0000021f7cf76860 JavaThread "Monitor Deflation Thread" daemon [_thread_blocked, id=18764, stack(0x000000a784400000,0x000000a784500000)]
=>0x0000021f7cf7aa00 JavaThread "C2 CompilerThread0" daemon [_thread_in_native, id=15708, stack(0x000000a784500000,0x000000a784600000)]
  0x0000021f7cf9b3c0 JavaThread "C1 CompilerThread0" daemon [_thread_in_native, id=12400, stack(0x000000a784600000,0x000000a784700000)]
  0x0000021f7cf9c8d0 JavaThread "Sweeper thread" daemon [_thread_blocked, id=16484, stack(0x000000a784700000,0x000000a784800000)]
  0x0000021f7cf44230 JavaThread "Common-Cleaner" daemon [_thread_blocked, id=20852, stack(0x000000a784800000,0x000000a784900000)]
  0x0000021f7dcf3760 JavaThread "C2 CompilerThread1" daemon [_thread_blocked, id=14480, stack(0x000000a784900000,0x000000a784a00000)]
  0x0000021f7e442860 JavaThread "Monitor Ctrl-Break" daemon [_thread_in_native, id=12988, stack(0x000000a784a00000,0x000000a784b00000)]
  0x0000021f7e91e8c0 JavaThread "Notification Thread" daemon [_thread_blocked, id=10312, stack(0x000000a784b00000,0x000000a784c00000)]

Other Threads:
  0x0000021f7cf56230 VMThread "VM Thread" [stack: 0x000000a783e00000,0x000000a783f00000] [id=15780]
  0x0000021f7e0d5960 WatcherThread [stack: 0x000000a784c00000,0x000000a784d00000] [id=5644]
  0x0000021f6bfb1080 GCTaskThread "GC Thread#0" [stack: 0x000000a783900000,0x000000a783a00000] [id=8916]
  0x0000021f6bfc2b20 ConcurrentGCThread "G1 Main Marker" [stack: 0x000000a783a00000,0x000000a783b00000] [id=16616]
  0x0000021f6bfc3be0 ConcurrentGCThread "G1 Conc#0" [stack: 0x000000a783b00000,0x000000a783c00000] [id=17948]
  0x0000021f7ce20090 ConcurrentGCThread "G1 Refine#0" [stack: 0x000000a783c00000,0x000000a783d00000] [id=6508]
  0x0000021f7ce209c0 ConcurrentGCThread "G1 Service" [stack: 0x000000a783d00000,0x000000a783e00000] [id=21004]

Threads with active compile tasks:
C2 CompilerThread0      680  248       4       java.util.stream.ReferencePipeline$3$1::accept (23 bytes)
C1 CompilerThread0      700  687       3       sun.security.provider.MD5::implCompress0 (1407 bytes)

VM state: not at safepoint (normal execution)

VM Mutex/Monitor currently owned by a thread: None

Heap address: 0x0000000081e00000, size: 2018 MB, Compressed Oops mode: 32-bit

CDS archive(s) mapped at: [0x0000000800000000-0x0000000800bc0000-0x0000000800bc0000), size 12320768, SharedBaseAddress: 0x0000000800000000, ArchiveRelocationMode: 0.
Compressed class space mapped at: 0x0000000800c00000-0x0000000840c00000, reserved size: 1073741824
Narrow klass base: 0x0000000800000000, Narrow klass shift: 0, Narrow klass range: 0x100000000

GC Precious Log:
 CPUs: 8 total, 8 available
 Memory: 8064M
 Large Page Support: Disabled
 NUMA Support: Disabled
 Compressed Oops: Enabled (32-bit)
 Heap Region Size: 1M
 Heap Min Capacity: 8M
 Heap Initial Capacity: 128M
 Heap Max Capacity: 2018M
 Pre-touch: Disabled
 Parallel Workers: 8
 Concurrent Workers: 2
 Concurrent Refinement Workers: 8
 Periodic GC: Disabled

Heap:
 garbage-first heap   total 131072K, used 14336K [0x0000000081e00000, 0x0000000100000000)
  region size 1024K, 14 young (14336K), 0 survivors (0K)
 Metaspace       used 2294K, committed 2432K, reserved 1056768K
  class space    used 245K, committed 320K, reserved 1048576K

Heap Regions: E=young(eden), S=young(survivor), O=old, HS=humongous(starts), HC=humongous(continues), CS=collection set, F=free, OA=open archive, CA=closed archive, TAMS=top-at-mark-start (previous, next)
|   0|0x0000000081e00000, 0x0000000081f00000, 0x0000000081f00000|100%|HS|  |TAMS 0x0000000081e00000, 0x0000000081e00000| Complete 
|   1|0x0000000081f00000, 0x0000000082000000, 0x0000000082000000|100%|HC|  |TAMS 0x0000000081f00000, 0x0000000081f00000| Complete 
|   2|0x0000000082000000, 0x0000000082000000, 0x0000000082100000|  0%| F|  |TAMS 0x0000000082000000, 0x0000000082000000| Untracked 
|   3|0x0000000082100000, 0x0000000082100000, 0x0000000082200000|  0%| F|  |TAMS 0x0000000082100000, 0x0000000082100000| Untracked 
|   4|0x0000000082200000, 0x0000000082200000, 0x0000000082300000|  0%| F|  |TAMS 0x0000000082200000, 0x0000000082200000| Untracked 
|   5|0x0000000082300000, 0x0000000082300000, 0x0000000082400000|  0%| F|  |TAMS 0x0000000082300000, 0x0000000082300000| Untracked 
|   6|0x0000000082400000, 0x0000000082400000, 0x0000000082500000|  0%| F|  |TAMS 0x0000000082400000, 0x0000000082400000| Untracked 
|   7|0x0000000082500000, 0x0000000082500000, 0x0000000082600000|  0%| F|  |TAMS 0x0000000082500000, 0x0000000082500000| Untracked 
|   8|0x0000000082600000, 0x0000000082600000, 0x0000000082700000|  0%| F|  |TAMS 0x0000000082600000, 0x0000000082600000| Untracked 
|   9|0x0000000082700000, 0x0000000082700000, 0x0000000082800000|  0%| F|  |TAMS 0x0000000082700000, 0x0000000082700000| Untracked 
|  10|0x0000000082800000, 0x0000000082800000, 0x0000000082900000|  0%| F|  |TAMS 0x0000000082800000, 0x0000000082800000| Untracked 
|  11|0x0000000082900000, 0x0000000082900000, 0x0000000082a00000|  0%| F|  |TAMS 0x0000000082900000, 0x0000000082900000| Untracked 
|  12|0x0000000082a00000, 0x0000000082a00000, 0x0000000082b00000|  0%| F|  |TAMS 0x0000000082a00000, 0x0000000082a00000| Untracked 
|  13|0x0000000082b00000, 0x0000000082b00000, 0x0000000082c00000|  0%| F|  |TAMS 0x0000000082b00000, 0x0000000082b00000| Untracked 
|  14|0x0000000082c00000, 0x0000000082c00000, 0x0000000082d00000|  0%| F|  |TAMS 0x0000000082c00000, 0x0000000082c00000| Untracked 
|  15|0x0000000082d00000, 0x0000000082d00000, 0x0000000082e00000|  0%| F|  |TAMS 0x0000000082d00000, 0x0000000082d00000| Untracked 
|  16|0x0000000082e00000, 0x0000000082e00000, 0x0000000082f00000|  0%| F|  |TAMS 0x0000000082e00000, 0x0000000082e00000| Untracked 
|  17|0x0000000082f00000, 0x0000000082f00000, 0x0000000083000000|  0%| F|  |TAMS 0x0000000082f00000, 0x0000000082f00000| Untracked 
|  18|0x0000000083000000, 0x0000000083000000, 0x0000000083100000|  0%| F|  |TAMS 0x0000000083000000, 0x0000000083000000| Untracked 
|  19|0x0000000083100000, 0x0000000083100000, 0x0000000083200000|  0%| F|  |TAMS 0x0000000083100000, 0x0000000083100000| Untracked 
|  20|0x0000000083200000, 0x0000000083200000, 0x0000000083300000|  0%| F|  |TAMS 0x0000000083200000, 0x0000000083200000| Untracked 
|  21|0x0000000083300000, 0x0000000083300000, 0x0000000083400000|  0%| F|  |TAMS 0x0000000083300000, 0x0000000083300000| Untracked 
|  22|0x0000000083400000, 0x0000000083400000, 0x0000000083500000|  0%| F|  |TAMS 0x0000000083400000, 0x0000000083400000| Untracked 
|  23|0x0000000083500000, 0x0000000083500000, 0x0000000083600000|  0%| F|  |TAMS 0x0000000083500000, 0x0000000083500000| Untracked 
|  24|0x0000000083600000, 0x0000000083600000, 0x0000000083700000|  0%| F|  |TAMS 0x0000000083600000, 0x0000000083600000| Untracked 
|  25|0x0000000083700000, 0x0000000083700000, 0x0000000083800000|  0%| F|  |TAMS 0x0000000083700000, 0x0000000083700000| Untracked 
|  26|0x0000000083800000, 0x0000000083800000, 0x0000000083900000|  0%| F|  |TAMS 0x0000000083800000, 0x0000000083800000| Untracked 
|  27|0x0000000083900000, 0x0000000083900000, 0x0000000083a00000|  0%| F|  |TAMS 0x0000000083900000, 0x0000000083900000| Untracked 
|  28|0x0000000083a00000, 0x0000000083a00000, 0x0000000083b00000|  0%| F|  |TAMS 0x0000000083a00000, 0x0000000083a00000| Untracked 
|  29|0x0000000083b00000, 0x0000000083b00000, 0x0000000083c00000|  0%| F|  |TAMS 0x0000000083b00000, 0x0000000083b00000| Untracked 
|  30|0x0000000083c00000, 0x0000000083c00000, 0x0000000083d00000|  0%| F|  |TAMS 0x0000000083c00000, 0x0000000083c00000| Untracked 
|  31|0x0000000083d00000, 0x0000000083d00000, 0x0000000083e00000|  0%| F|  |TAMS 0x0000000083d00000, 0x0000000083d00000| Untracked 
|  32|0x0000000083e00000, 0x0000000083e00000, 0x0000000083f00000|  0%| F|  |TAMS 0x0000000083e00000, 0x0000000083e00000| Untracked 
|  33|0x0000000083f00000, 0x0000000083f00000, 0x0000000084000000|  0%| F|  |TAMS 0x0000000083f00000, 0x0000000083f00000| Untracked 
|  34|0x0000000084000000, 0x0000000084000000, 0x0000000084100000|  0%| F|  |TAMS 0x0000000084000000, 0x0000000084000000| Untracked 
|  35|0x0000000084100000, 0x0000000084100000, 0x0000000084200000|  0%| F|  |TAMS 0x0000000084100000, 0x0000000084100000| Untracked 
|  36|0x0000000084200000, 0x0000000084200000, 0x0000000084300000|  0%| F|  |TAMS 0x0000000084200000, 0x0000000084200000| Untracked 
|  37|0x0000000084300000, 0x0000000084300000, 0x0000000084400000|  0%| F|  |TAMS 0x0000000084300000, 0x0000000084300000| Untracked 
|  38|0x0000000084400000, 0x0000000084400000, 0x0000000084500000|  0%| F|  |TAMS 0x0000000084400000, 0x0000000084400000| Untracked 
|  39|0x0000000084500000, 0x0000000084500000, 0x0000000084600000|  0%| F|  |TAMS 0x0000000084500000, 0x0000000084500000| Untracked 
|  40|0x0000000084600000, 0x0000000084600000, 0x0000000084700000|  0%| F|  |TAMS 0x0000000084600000, 0x0000000084600000| Untracked 
|  41|0x0000000084700000, 0x0000000084700000, 0x0000000084800000|  0%| F|  |TAMS 0x0000000084700000, 0x0000000084700000| Untracked 
|  42|0x0000000084800000, 0x0000000084800000, 0x0000000084900000|  0%| F|  |TAMS 0x0000000084800000, 0x0000000084800000| Untracked 
|  43|0x0000000084900000, 0x0000000084900000, 0x0000000084a00000|  0%| F|  |TAMS 0x0000000084900000, 0x0000000084900000| Untracked 
|  44|0x0000000084a00000, 0x0000000084a00000, 0x0000000084b00000|  0%| F|  |TAMS 0x0000000084a00000, 0x0000000084a00000| Untracked 
|  45|0x0000000084b00000, 0x0000000084b00000, 0x0000000084c00000|  0%| F|  |TAMS 0x0000000084b00000, 0x0000000084b00000| Untracked 
|  46|0x0000000084c00000, 0x0000000084c00000, 0x0000000084d00000|  0%| F|  |TAMS 0x0000000084c00000, 0x0000000084c00000| Untracked 
|  47|0x0000000084d00000, 0x0000000084d00000, 0x0000000084e00000|  0%| F|  |TAMS 0x0000000084d00000, 0x0000000084d00000| Untracked 
|  48|0x0000000084e00000, 0x0000000084e00000, 0x0000000084f00000|  0%| F|  |TAMS 0x0000000084e00000, 0x0000000084e00000| Untracked 
|  49|0x0000000084f00000, 0x0000000084f00000, 0x0000000085000000|  0%| F|  |TAMS 0x0000000084f00000, 0x0000000084f00000| Untracked 
|  50|0x0000000085000000, 0x0000000085000000, 0x0000000085100000|  0%| F|  |TAMS 0x0000000085000000, 0x0000000085000000| Untracked 
|  51|0x0000000085100000, 0x0000000085100000, 0x0000000085200000|  0%| F|  |TAMS 0x0000000085100000, 0x0000000085100000| Untracked 
|  52|0x0000000085200000, 0x0000000085200000, 0x0000000085300000|  0%| F|  |TAMS 0x0000000085200000, 0x0000000085200000| Untracked 
|  53|0x0000000085300000, 0x0000000085300000, 0x0000000085400000|  0%| F|  |TAMS 0x0000000085300000, 0x0000000085300000| Untracked 
|  54|0x0000000085400000, 0x0000000085400000, 0x0000000085500000|  0%| F|  |TAMS 0x0000000085400000, 0x0000000085400000| Untracked 
|  55|0x0000000085500000, 0x0000000085500000, 0x0000000085600000|  0%| F|  |TAMS 0x0000000085500000, 0x0000000085500000| Untracked 
|  56|0x0000000085600000, 0x0000000085600000, 0x0000000085700000|  0%| F|  |TAMS 0x0000000085600000, 0x0000000085600000| Untracked 
|  57|0x0000000085700000, 0x0000000085700000, 0x0000000085800000|  0%| F|  |TAMS 0x0000000085700000, 0x0000000085700000| Untracked 
|  58|0x0000000085800000, 0x0000000085800000, 0x0000000085900000|  0%| F|  |TAMS 0x0000000085800000, 0x0000000085800000| Untracked 
|  59|0x0000000085900000, 0x0000000085900000, 0x0000000085a00000|  0%| F|  |TAMS 0x0000000085900000, 0x0000000085900000| Untracked 
|  60|0x0000000085a00000, 0x0000000085a00000, 0x0000000085b00000|  0%| F|  |TAMS 0x0000000085a00000, 0x0000000085a00000| Untracked 
|  61|0x0000000085b00000, 0x0000000085b00000, 0x0000000085c00000|  0%| F|  |TAMS 0x0000000085b00000, 0x0000000085b00000| Untracked 
|  62|0x0000000085c00000, 0x0000000085c00000, 0x0000000085d00000|  0%| F|  |TAMS 0x0000000085c00000, 0x0000000085c00000| Untracked 
|  63|0x0000000085d00000, 0x0000000085d00000, 0x0000000085e00000|  0%| F|  |TAMS 0x0000000085d00000, 0x0000000085d00000| Untracked 
|  64|0x0000000085e00000, 0x0000000085e00000, 0x0000000085f00000|  0%| F|  |TAMS 0x0000000085e00000, 0x0000000085e00000| Untracked 
|  65|0x0000000085f00000, 0x0000000085f00000, 0x0000000086000000|  0%| F|  |TAMS 0x0000000085f00000, 0x0000000085f00000| Untracked 
|  66|0x0000000086000000, 0x0000000086000000, 0x0000000086100000|  0%| F|  |TAMS 0x0000000086000000, 0x0000000086000000| Untracked 
|  67|0x0000000086100000, 0x0000000086100000, 0x0000000086200000|  0%| F|  |TAMS 0x0000000086100000, 0x0000000086100000| Untracked 
|  68|0x0000000086200000, 0x0000000086200000, 0x0000000086300000|  0%| F|  |TAMS 0x0000000086200000, 0x0000000086200000| Untracked 
|  69|0x0000000086300000, 0x0000000086300000, 0x0000000086400000|  0%| F|  |TAMS 0x0000000086300000, 0x0000000086300000| Untracked 
|  70|0x0000000086400000, 0x0000000086400000, 0x0000000086500000|  0%| F|  |TAMS 0x0000000086400000, 0x0000000086400000| Untracked 
|  71|0x0000000086500000, 0x0000000086500000, 0x0000000086600000|  0%| F|  |TAMS 0x0000000086500000, 0x0000000086500000| Untracked 
|  72|0x0000000086600000, 0x0000000086600000, 0x0000000086700000|  0%| F|  |TAMS 0x0000000086600000, 0x0000000086600000| Untracked 
|  73|0x0000000086700000, 0x0000000086700000, 0x0000000086800000|  0%| F|  |TAMS 0x0000000086700000, 0x0000000086700000| Untracked 
|  74|0x0000000086800000, 0x0000000086800000, 0x0000000086900000|  0%| F|  |TAMS 0x0000000086800000, 0x0000000086800000| Untracked 
|  75|0x0000000086900000, 0x0000000086900000, 0x0000000086a00000|  0%| F|  |TAMS 0x0000000086900000, 0x0000000086900000| Untracked 
|  76|0x0000000086a00000, 0x0000000086a00000, 0x0000000086b00000|  0%| F|  |TAMS 0x0000000086a00000, 0x0000000086a00000| Untracked 
|  77|0x0000000086b00000, 0x0000000086b00000, 0x0000000086c00000|  0%| F|  |TAMS 0x0000000086b00000, 0x0000000086b00000| Untracked 
|  78|0x0000000086c00000, 0x0000000086c00000, 0x0000000086d00000|  0%| F|  |TAMS 0x0000000086c00000, 0x0000000086c00000| Untracked 
|  79|0x0000000086d00000, 0x0000000086d00000, 0x0000000086e00000|  0%| F|  |TAMS 0x0000000086d00000, 0x0000000086d00000| Untracked 
|  80|0x0000000086e00000, 0x0000000086e00000, 0x0000000086f00000|  0%| F|  |TAMS 0x0000000086e00000, 0x0000000086e00000| Untracked 
|  81|0x0000000086f00000, 0x0000000086f00000, 0x0000000087000000|  0%| F|  |TAMS 0x0000000086f00000, 0x0000000086f00000| Untracked 
|  82|0x0000000087000000, 0x0000000087000000, 0x0000000087100000|  0%| F|  |TAMS 0x0000000087000000, 0x0000000087000000| Untracked 
|  83|0x0000000087100000, 0x0000000087100000, 0x0000000087200000|  0%| F|  |TAMS 0x0000000087100000, 0x0000000087100000| Untracked 
|  84|0x0000000087200000, 0x0000000087200000, 0x0000000087300000|  0%| F|  |TAMS 0x0000000087200000, 0x0000000087200000| Untracked 
|  85|0x0000000087300000, 0x0000000087300000, 0x0000000087400000|  0%| F|  |TAMS 0x0000000087300000, 0x0000000087300000| Untracked 
|  86|0x0000000087400000, 0x0000000087400000, 0x0000000087500000|  0%| F|  |TAMS 0x0000000087400000, 0x0000000087400000| Untracked 
|  87|0x0000000087500000, 0x0000000087500000, 0x0000000087600000|  0%| F|  |TAMS 0x0000000087500000, 0x0000000087500000| Untracked 
|  88|0x0000000087600000, 0x0000000087600000, 0x0000000087700000|  0%| F|  |TAMS 0x0000000087600000, 0x0000000087600000| Untracked 
|  89|0x0000000087700000, 0x0000000087700000, 0x0000000087800000|  0%| F|  |TAMS 0x0000000087700000, 0x0000000087700000| Untracked 
|  90|0x0000000087800000, 0x0000000087800000, 0x0000000087900000|  0%| F|  |TAMS 0x0000000087800000, 0x0000000087800000| Untracked 
|  91|0x0000000087900000, 0x0000000087900000, 0x0000000087a00000|  0%| F|  |TAMS 0x0000000087900000, 0x0000000087900000| Untracked 
|  92|0x0000000087a00000, 0x0000000087a00000, 0x0000000087b00000|  0%| F|  |TAMS 0x0000000087a00000, 0x0000000087a00000| Untracked 
|  93|0x0000000087b00000, 0x0000000087b00000, 0x0000000087c00000|  0%| F|  |TAMS 0x0000000087b00000, 0x0000000087b00000| Untracked 
|  94|0x0000000087c00000, 0x0000000087c00000, 0x0000000087d00000|  0%| F|  |TAMS 0x0000000087c00000, 0x0000000087c00000| Untracked 
|  95|0x0000000087d00000, 0x0000000087d00000, 0x0000000087e00000|  0%| F|  |TAMS 0x0000000087d00000, 0x0000000087d00000| Untracked 
|  96|0x0000000087e00000, 0x0000000087e00000, 0x0000000087f00000|  0%| F|  |TAMS 0x0000000087e00000, 0x0000000087e00000| Untracked 
|  97|0x0000000087f00000, 0x0000000087f00000, 0x0000000088000000|  0%| F|  |TAMS 0x0000000087f00000, 0x0000000087f00000| Untracked 
|  98|0x0000000088000000, 0x0000000088000000, 0x0000000088100000|  0%| F|  |TAMS 0x0000000088000000, 0x0000000088000000| Untracked 
|  99|0x0000000088100000, 0x0000000088100000, 0x0000000088200000|  0%| F|  |TAMS 0x0000000088100000, 0x0000000088100000| Untracked 
| 100|0x0000000088200000, 0x0000000088200000, 0x0000000088300000|  0%| F|  |TAMS 0x0000000088200000, 0x0000000088200000| Untracked 
| 101|0x0000000088300000, 0x0000000088300000, 0x0000000088400000|  0%| F|  |TAMS 0x0000000088300000, 0x0000000088300000| Untracked 
| 102|0x0000000088400000, 0x0000000088400000, 0x0000000088500000|  0%| F|  |TAMS 0x0000000088400000, 0x0000000088400000| Untracked 
| 103|0x0000000088500000, 0x0000000088500000, 0x0000000088600000|  0%| F|  |TAMS 0x0000000088500000, 0x0000000088500000| Untracked 
| 104|0x0000000088600000, 0x0000000088600000, 0x0000000088700000|  0%| F|  |TAMS 0x0000000088600000, 0x0000000088600000| Untracked 
| 105|0x0000000088700000, 0x0000000088700000, 0x0000000088800000|  0%| F|  |TAMS 0x0000000088700000, 0x0000000088700000| Untracked 
| 106|0x0000000088800000, 0x0000000088800000, 0x0000000088900000|  0%| F|  |TAMS 0x0000000088800000, 0x0000000088800000| Untracked 
| 107|0x0000000088900000, 0x0000000088900000, 0x0000000088a00000|  0%| F|  |TAMS 0x0000000088900000, 0x0000000088900000| Untracked 
| 108|0x0000000088a00000, 0x0000000088a00000, 0x0000000088b00000|  0%| F|  |TAMS 0x0000000088a00000, 0x0000000088a00000| Untracked 
| 109|0x0000000088b00000, 0x0000000088b00000, 0x0000000088c00000|  0%| F|  |TAMS 0x0000000088b00000, 0x0000000088b00000| Untracked 
| 110|0x0000000088c00000, 0x0000000088c00000, 0x0000000088d00000|  0%| F|  |TAMS 0x0000000088c00000, 0x0000000088c00000| Untracked 
| 111|0x0000000088d00000, 0x0000000088d00000, 0x0000000088e00000|  0%| F|  |TAMS 0x0000000088d00000, 0x0000000088d00000| Untracked 
| 112|0x0000000088e00000, 0x0000000088e00000, 0x0000000088f00000|  0%| F|  |TAMS 0x0000000088e00000, 0x0000000088e00000| Untracked 
| 113|0x0000000088f00000, 0x0000000088fffd80, 0x0000000089000000| 99%| E|  |TAMS 0x0000000088f00000, 0x0000000088f00000| Complete 
| 114|0x0000000089000000, 0x0000000089100000, 0x0000000089100000|100%| E|CS|TAMS 0x0000000089000000, 0x0000000089000000| Complete 
| 115|0x0000000089100000, 0x0000000089200000, 0x0000000089200000|100%| E|CS|TAMS 0x0000000089100000, 0x0000000089100000| Complete 
| 116|0x0000000089200000, 0x0000000089300000, 0x0000000089300000|100%| E|CS|TAMS 0x0000000089200000, 0x0000000089200000| Complete 
| 117|0x0000000089300000, 0x00000000893ffaa0, 0x0000000089400000| 99%| E|  |TAMS 0x0000000089300000, 0x0000000089300000| Complete 
| 118|0x0000000089400000, 0x0000000089500000, 0x0000000089500000|100%| E|CS|TAMS 0x0000000089400000, 0x0000000089400000| Complete 
| 119|0x0000000089500000, 0x0000000089600000, 0x0000000089600000|100%| E|CS|TAMS 0x0000000089500000, 0x0000000089500000| Complete 
| 120|0x0000000089600000, 0x0000000089700000, 0x0000000089700000|100%| E|CS|TAMS 0x0000000089600000, 0x0000000089600000| Complete 
| 121|0x0000000089700000, 0x0000000089800000, 0x0000000089800000|100%| E|CS|TAMS 0x0000000089700000, 0x0000000089700000| Complete 
| 122|0x0000000089800000, 0x0000000089900000, 0x0000000089900000|100%| E|CS|TAMS 0x0000000089800000, 0x0000000089800000| Complete 
| 123|0x0000000089900000, 0x0000000089a00000, 0x0000000089a00000|100%| E|CS|TAMS 0x0000000089900000, 0x0000000089900000| Complete 
| 124|0x0000000089a00000, 0x0000000089b00000, 0x0000000089b00000|100%| E|CS|TAMS 0x0000000089a00000, 0x0000000089a00000| Complete 
| 125|0x0000000089b00000, 0x0000000089c00000, 0x0000000089c00000|100%| E|CS|TAMS 0x0000000089b00000, 0x0000000089b00000| Complete 
| 126|0x0000000089c00000, 0x0000000089d00000, 0x0000000089d00000|100%| E|CS|TAMS 0x0000000089c00000, 0x0000000089c00000| Complete 
| 127|0x0000000089d00000, 0x0000000089e00000, 0x0000000089e00000|100%| E|CS|TAMS 0x0000000089d00000, 0x0000000089d00000| Complete 

Card table byte_map: [0x0000021f75de0000,0x0000021f761e0000] _byte_map_base: 0x0000021f759d1000

Marking Bits (Prev, Next): (CMBitMap*) 0x0000021f6bfb25b0, (CMBitMap*) 0x0000021f6bfb25f0
 Prev Bits: [0x0000021f765e0000, 0x0000021f78568000)
 Next Bits: [0x0000021f78570000, 0x0000021f7a4f8000)

Polling page: 0x0000021f6c050000

Metaspace:

Usage:
  Non-class:      2.18 MB used.
      Class:    266.87 KB used.
       Both:      2.44 MB used.

Virtual space:
  Non-class space:        8.00 MB reserved,       2.25 MB ( 28%) committed,  1 nodes.
      Class space:        1.00 GB reserved,     320.00 KB ( <1%) committed,  1 nodes.
             Both:        1.01 GB reserved,       2.56 MB ( <1%) committed. 

Chunk freelists:
   Non-Class:  3.58 MB
       Class:  3.65 MB
        Both:  7.23 MB

MaxMetaspaceSize: unlimited
CompressedClassSpaceSize: 1.00 GB
Initial GC threshold: 21.00 MB
Current GC threshold: 21.00 MB
CDS: on
MetaspaceReclaimPolicy: balanced
 - commit_granule_bytes: 65536.
 - commit_granule_words: 8192.
 - virtual_space_node_default_size: 1048576.
 - enlarge_chunks_in_place: 1.
 - new_chunks_are_fully_committed: 0.
 - uncommit_free_chunks: 1.
 - use_allocation_guard: 0.
 - handle_deallocations: 1.


Internal statistics:

num_allocs_failed_limit: 0.
num_arena_births: 66.
num_arena_deaths: 0.
num_vsnodes_births: 2.
num_vsnodes_deaths: 0.
num_space_committed: 41.
num_space_uncommitted: 0.
num_chunks_returned_to_freelist: 0.
num_chunks_taken_from_freelist: 97.
num_chunk_merges: 0.
num_chunk_splits: 61.
num_chunks_enlarged: 39.
num_purges: 0.
num_inconsistent_stats: 0.

CodeHeap 'non-profiled nmethods': size=120000Kb used=245Kb max_used=245Kb free=119754Kb
 bounds [0x0000021f07ad0000, 0x0000021f07d40000, 0x0000021f0f000000]
CodeHeap 'profiled nmethods': size=120000Kb used=970Kb max_used=970Kb free=119029Kb
 bounds [0x0000021f005a0000, 0x0000021f00810000, 0x0000021f07ad0000]
CodeHeap 'non-nmethods': size=5760Kb used=1140Kb max_used=1151Kb free=4619Kb
 bounds [0x0000021f00000000, 0x0000021f00270000, 0x0000021f005a0000]
 total_blobs=1114 nmethods=687 adapters=340
 compilation: enabled
              stopped_count=0, restarted_count=0
 full_count=0

Compilation events (20 events):
Event: 0.422 Thread 0x0000021f7cf9b3c0  492       3       java.lang.AbstractStringBuilder::appendChars (207 bytes)
Event: 0.423 Thread 0x0000021f7dcf3760 nmethod 341 0x0000021f07afa110 code [0x0000021f07afa2a0, 0x0000021f07afa608]
Event: 0.424 Thread 0x0000021f7cf9b3c0 nmethod 492 0x0000021f00647c90 code [0x0000021f00647f40, 0x0000021f00648ec8]
Event: 0.424 Thread 0x0000021f7dcf3760  494       4       java.lang.CharacterDataLatin1::toLowerCase (39 bytes)
Event: 0.424 Thread 0x0000021f7cf9b3c0  493       3       java.util.zip.ZipFile$Source::isMetaName (141 bytes)
Event: 0.424 Thread 0x0000021f7cf9b3c0 nmethod 493 0x0000021f00649490 code [0x0000021f00649640, 0x0000021f00649b58]
Event: 0.425 Thread 0x0000021f7dcf3760 nmethod 494 0x0000021f07afa890 code [0x0000021f07afaa00, 0x0000021f07afaaf8]
Event: 0.425 Thread 0x0000021f7cf9b3c0  495       3       java.lang.invoke.MemberName::getReferenceKind (12 bytes)
Event: 0.425 Thread 0x0000021f7cf9b3c0 nmethod 495 0x0000021f00649d10 code [0x0000021f00649ea0, 0x0000021f00649fb8]
Event: 0.425 Thread 0x0000021f7cf9b3c0  497       3       java.lang.invoke.MemberName::flagsMods (73 bytes)
Event: 0.425 Thread 0x0000021f7cf9b3c0 nmethod 497 0x0000021f0064a090 code [0x0000021f0064a220, 0x0000021f0064a358]
Event: 0.425 Thread 0x0000021f7cf9b3c0  498       3       java.lang.invoke.MemberName::init (67 bytes)
Event: 0.426 Thread 0x0000021f7dcf3760  499       4       jdk.internal.org.objectweb.asm.SymbolTable::get (13 bytes)
Event: 0.426 Thread 0x0000021f7cf9b3c0 nmethod 498 0x0000021f0064a410 code [0x0000021f0064a5c0, 0x0000021f0064a7f8]
Event: 0.427 Thread 0x0000021f7dcf3760 nmethod 499 0x0000021f07afaf10 code [0x0000021f07afb080, 0x0000021f07afb158]
Event: 0.427 Thread 0x0000021f7cf9b3c0  500       3       java.lang.String::lastIndexOf (29 bytes)
Event: 0.427 Thread 0x0000021f7cf9b3c0 nmethod 500 0x0000021f0064a890 code [0x0000021f0064aa60, 0x0000021f0064acf8]
Event: 0.428 Thread 0x0000021f7cf9b3c0  501       3       java.lang.String::lastIndexOf (12 bytes)
Event: 0.428 Thread 0x0000021f7cf9b3c0 nmethod 501 0x0000021f0064ae10 code [0x0000021f0064b000, 0x0000021f0064b3f8]
Event: 0.432 Thread 0x0000021f7dcf3760  503       4       java.util.concurrent.ConcurrentHashMap::casTabAt (21 bytes)

GC Heap History (0 events):
No events

Deoptimization events (20 events):
Event: 0.332 Thread 0x0000021f6bf78150 Uncommon trap: trap_request=0xffffff45 fr.pc=0x0000021f07ae227c relative=0x00000000000004dc
Event: 0.332 Thread 0x0000021f6bf78150 Uncommon trap: reason=unstable_if action=reinterpret pc=0x0000021f07ae227c method=java.lang.StringLatin1.newString([BII)Ljava/lang/String; @ 1 c2
Event: 0.332 Thread 0x0000021f6bf78150 DEOPT PACKING pc=0x0000021f07ae227c sp=0x000000a7838fea10
Event: 0.332 Thread 0x0000021f6bf78150 DEOPT UNPACKING pc=0x0000021f000523a3 sp=0x000000a7838fe970 mode 2
Event: 0.333 Thread 0x0000021f6bf78150 Uncommon trap: trap_request=0xffffff45 fr.pc=0x0000021f07adfd1c relative=0x00000000000003fc
Event: 0.333 Thread 0x0000021f6bf78150 Uncommon trap: reason=unstable_if action=reinterpret pc=0x0000021f07adfd1c method=java.lang.StringLatin1.newString([BII)Ljava/lang/String; @ 1 c2
Event: 0.333 Thread 0x0000021f6bf78150 DEOPT PACKING pc=0x0000021f07adfd1c sp=0x000000a7838fe990
Event: 0.333 Thread 0x0000021f6bf78150 DEOPT UNPACKING pc=0x0000021f000523a3 sp=0x000000a7838fe970 mode 2
Event: 0.393 Thread 0x0000021f6bf78150 Uncommon trap: trap_request=0xffffff45 fr.pc=0x0000021f07af5fb0 relative=0x0000000000000190
Event: 0.393 Thread 0x0000021f6bf78150 Uncommon trap: reason=unstable_if action=reinterpret pc=0x0000021f07af5fb0 method=java.util.zip.ZipFile$Source.isMetaName([BII)Z @ 57 c2
Event: 0.393 Thread 0x0000021f6bf78150 DEOPT PACKING pc=0x0000021f07af5fb0 sp=0x000000a7838fdfc0
Event: 0.393 Thread 0x0000021f6bf78150 DEOPT UNPACKING pc=0x0000021f000523a3 sp=0x000000a7838fdf68 mode 2
Event: 0.412 Thread 0x0000021f6bf78150 Uncommon trap: trap_request=0xffffff45 fr.pc=0x0000021f07ad845c relative=0x000000000000005c
Event: 0.412 Thread 0x0000021f6bf78150 Uncommon trap: reason=unstable_if action=reinterpret pc=0x0000021f07ad845c method=java.lang.String.isLatin1()Z @ 10 c2
Event: 0.412 Thread 0x0000021f6bf78150 DEOPT PACKING pc=0x0000021f07ad845c sp=0x000000a7838fe470
Event: 0.412 Thread 0x0000021f6bf78150 DEOPT UNPACKING pc=0x0000021f000523a3 sp=0x000000a7838fe400 mode 2
Event: 0.412 Thread 0x0000021f6bf78150 Uncommon trap: trap_request=0xffffff45 fr.pc=0x0000021f07ad71f8 relative=0x0000000000000078
Event: 0.412 Thread 0x0000021f6bf78150 Uncommon trap: reason=unstable_if action=reinterpret pc=0x0000021f07ad71f8 method=java.lang.String.isLatin1()Z @ 10 c2
Event: 0.412 Thread 0x0000021f6bf78150 DEOPT PACKING pc=0x0000021f07ad71f8 sp=0x000000a7838fee60
Event: 0.412 Thread 0x0000021f6bf78150 DEOPT UNPACKING pc=0x0000021f000523a3 sp=0x000000a7838feda0 mode 2

Classes unloaded (0 events):
No events

Classes redefined (0 events):
No events

Internal exceptions (9 events):
Event: 0.198 Thread 0x0000021f6bf78150 Exception <a 'java/lang/NoSuchMethodError'{0x000000008985eb38}: 'void java.lang.invoke.DirectMethodHandle$Holder.invokeSpecial(java.lang.Object, java.lang.Object, java.lang.Object)'> (0x000000008985eb38) 
thrown [t:\workspace\open\src\hotspot\share\interpreter\linkResolver.cpp, line 766]
Event: 0.229 Thread 0x0000021f6bf78150 Exception <a 'java/lang/NoSuchMethodError'{0x00000000898f18c8}: 'void java.lang.invoke.DirectMethodHandle$Holder.invokeVirtual(java.lang.Object, java.lang.Object)'> (0x00000000898f18c8) 
thrown [t:\workspace\open\src\hotspot\share\interpreter\linkResolver.cpp, line 766]
Event: 0.308 Thread 0x0000021f6bf78150 Exception <a 'java/lang/NoSuchMethodError'{0x00000000894381e0}: 'void java.lang.invoke.DirectMethodHandle$Holder.invokeSpecial(java.lang.Object, java.lang.Object, java.lang.Object, java.lang.Object, java.lang.Object)'> (0x00000000894381e0) 
thrown [t:\workspace\open\src\hotspot\share\interpreter\linkResolver.cpp, line 766]
Event: 0.315 Thread 0x0000021f6bf78150 Exception <a 'java/lang/NoSuchMethodError'{0x000000008944e808}: 'java.lang.Object java.lang.invoke.DirectMethodHandle$Holder.invokeInterface(java.lang.Object, java.lang.Object)'> (0x000000008944e808) 
thrown [t:\workspace\open\src\hotspot\share\interpreter\linkResolver.cpp, line 766]
Event: 0.316 Thread 0x0000021f6bf78150 Exception <a 'java/lang/IncompatibleClassChangeError'{0x0000000089451e80}: Found class java.lang.Object, but interface was expected> (0x0000000089451e80) 
thrown [t:\workspace\open\src\hotspot\share\interpreter\linkResolver.cpp, line 833]
Event: 0.317 Thread 0x0000021f6bf78150 Exception <a 'java/lang/NoSuchMethodError'{0x0000000089454c48}: 'void java.lang.invoke.DirectMethodHandle$Holder.invokeStatic(java.lang.Object, java.lang.Object, java.lang.Object, java.lang.Object)'> (0x0000000089454c48) 
thrown [t:\workspace\open\src\hotspot\share\interpreter\linkResolver.cpp, line 766]
Event: 0.416 Thread 0x0000021f7e442860 Exception <a 'java/lang/NoSuchMethodError'{0x0000000089383850}: 'java.lang.Object java.lang.invoke.DirectMethodHandle$Holder.invokeStaticInit(java.lang.Object)'> (0x0000000089383850) 
thrown [t:\workspace\open\src\hotspot\share\interpreter\linkResolver.cpp, line 766]
Event: 0.424 Thread 0x0000021f7e442860 Exception <a 'java/lang/ClassNotFoundException'{0x000000008938ea30}: jdk/net/ExtendedSocketOptions> (0x000000008938ea30) 
thrown [t:\workspace\open\src\hotspot\share\classfile\systemDictionary.cpp, line 256]
Event: 0.425 Thread 0x0000021f7e442860 Exception <a 'java/lang/NoSuchMethodError'{0x00000000893902c8}: 'void java.lang.invoke.DirectMethodHandle$Holder.invokeStatic(java.lang.Object, java.lang.Object)'> (0x00000000893902c8) 
thrown [t:\workspace\open\src\hotspot\share\interpreter\linkResolver.cpp, line 766]

VM Operations (8 events):
Event: 0.262 Executing VM operation: HandshakeAllThreads
Event: 0.262 Executing VM operation: HandshakeAllThreads done
Event: 0.262 Executing VM operation: HandshakeAllThreads
Event: 0.262 Executing VM operation: HandshakeAllThreads done
Event: 0.313 Executing VM operation: HandshakeAllThreads
Event: 0.313 Executing VM operation: HandshakeAllThreads done
Event: 0.414 Executing VM operation: HandshakeAllThreads
Event: 0.414 Executing VM operation: HandshakeAllThreads done

Events (20 events):
Event: 0.429 loading class java/io/BufferedReader
Event: 0.429 loading class java/io/BufferedReader done
Event: 0.429 loading class java/net/Socket$SocketInputStream
Event: 0.430 loading class java/net/Socket$SocketInputStream done
Event: 0.430 loading class sun/nio/ch/NioSocketImpl$1
Event: 0.430 loading class sun/nio/ch/NioSocketImpl$1 done
Event: 0.430 loading class sun/nio/cs/StreamDecoder
Event: 0.430 loading class sun/nio/cs/StreamDecoder done
Event: 0.431 loading class sun/nio/cs/US_ASCII$Decoder
Event: 0.431 loading class sun/nio/cs/US_ASCII$Decoder done
Event: 0.432 loading class java/util/concurrent/atomic/AtomicBoolean
Event: 0.432 loading class java/util/concurrent/atomic/AtomicBoolean done
Event: 0.432 loading class java/lang/reflect/TypeVariable
Event: 0.433 loading class java/lang/reflect/TypeVariable done
Event: 0.433 loading class java/lang/InstantiationException
Event: 0.433 loading class java/lang/InstantiationException done
Event: 0.433 loading class java/lang/SecurityException
Event: 0.433 loading class java/lang/SecurityException done
Event: 0.433 loading class java/lang/reflect/AnnotatedType
Event: 0.433 loading class java/lang/reflect/AnnotatedType done


Dynamic libraries:
0x00007ff733b00000 - 0x00007ff733b10000 	C:\Program Files\Java\jdk-17.0.1\bin\java.exe
0x00007ffad0f50000 - 0x00007ffad1145000 	C:\Windows\SYSTEM32\ntdll.dll
0x00007ffacf5a0000 - 0x00007ffacf65e000 	C:\Windows\System32\KERNEL32.DLL
0x00007fface6b0000 - 0x00007fface978000 	C:\Windows\System32\KERNELBASE.dll
0x00007ffacee90000 - 0x00007ffacef90000 	C:\Windows\System32\ucrtbase.dll
0x00007ffab31c0000 - 0x00007ffab31da000 	C:\Program Files\Java\jdk-17.0.1\bin\VCRUNTIME140.dll
0x00007ffab32b0000 - 0x00007ffab32c8000 	C:\Program Files\Java\jdk-17.0.1\bin\jli.dll
0x00007ffad0640000 - 0x00007ffad06ec000 	C:\Windows\System32\ADVAPI32.dll
0x00007ffad0a30000 - 0x00007ffad0ace000 	C:\Windows\System32\msvcrt.dll
0x00007ffacfd70000 - 0x00007ffacfe0b000 	C:\Windows\System32\sechost.dll
0x00007ffad0be0000 - 0x00007ffad0d0a000 	C:\Windows\System32\RPCRT4.dll
0x00007ffad0870000 - 0x00007ffad0a11000 	C:\Windows\System32\USER32.dll
0x00007ffacecc0000 - 0x00007ffacece2000 	C:\Windows\System32\win32u.dll
0x00007ffacf570000 - 0x00007ffacf59b000 	C:\Windows\System32\GDI32.dll
0x00007fface9b0000 - 0x00007ffaceabd000 	C:\Windows\System32\gdi32full.dll
0x00007ffabc890000 - 0x00007ffabcb2a000 	C:\Windows\WinSxS\amd64_microsoft.windows.common-controls_6595b64144ccf1df_6.0.19041.1110_none_60b5254171f9507e\COMCTL32.dll
0x00007ffaceac0000 - 0x00007ffaceb5d000 	C:\Windows\System32\msvcp_win.dll
0x00007fface200000 - 0x00007fface20a000 	C:\Windows\SYSTEM32\VERSION.dll
0x00007ffacf300000 - 0x00007ffacf330000 	C:\Windows\System32\IMM32.DLL
0x00007ffac75b0000 - 0x00007ffac75bc000 	C:\Program Files\Java\jdk-17.0.1\bin\vcruntime140_1.dll
0x00007ffaa7650000 - 0x00007ffaa76dd000 	C:\Program Files\Java\jdk-17.0.1\bin\msvcp140.dll
0x00007ffa69d70000 - 0x00007ffa6a92e000 	C:\Program Files\Java\jdk-17.0.1\bin\server\jvm.dll
0x00007ffacf660000 - 0x00007ffacf668000 	C:\Windows\System32\PSAPI.DLL
0x00007ffaba090000 - 0x00007ffaba099000 	C:\Windows\SYSTEM32\WSOCK32.dll
0x00007ffabcce0000 - 0x00007ffabcd07000 	C:\Windows\SYSTEM32\WINMM.dll
0x00007ffacf880000 - 0x00007ffacf8eb000 	C:\Windows\System32\WS2_32.dll
0x00007ffacce70000 - 0x00007ffacce82000 	C:\Windows\SYSTEM32\kernel.appcore.dll
0x00007ffac4390000 - 0x00007ffac439a000 	C:\Program Files\Java\jdk-17.0.1\bin\jimage.dll
0x00007ffac43b0000 - 0x00007ffac4594000 	C:\Windows\SYSTEM32\DBGHELP.DLL
0x00007ffac4300000 - 0x00007ffac432c000 	C:\Windows\SYSTEM32\dbgcore.DLL
0x00007ffacecf0000 - 0x00007ffaced72000 	C:\Windows\System32\bcryptPrimitives.dll
0x00007ffac0290000 - 0x00007ffac029e000 	C:\Program Files\Java\jdk-17.0.1\bin\instrument.dll
0x00007ffab2740000 - 0x00007ffab2765000 	C:\Program Files\Java\jdk-17.0.1\bin\java.dll
0x00007ffa9ce90000 - 0x00007ffa9cf66000 	C:\Program Files\Java\jdk-17.0.1\bin\svml.dll
0x00007ffacfef0000 - 0x00007ffad0634000 	C:\Windows\System32\SHELL32.dll
0x00007ffacc600000 - 0x00007ffaccd94000 	C:\Windows\SYSTEM32\windows.storage.dll
0x00007ffacef90000 - 0x00007ffacf2e5000 	C:\Windows\System32\combase.dll
0x00007fface040000 - 0x00007fface06e000 	C:\Windows\SYSTEM32\Wldp.dll
0x00007ffad0ad0000 - 0x00007ffad0b7d000 	C:\Windows\System32\SHCORE.dll
0x00007ffacf510000 - 0x00007ffacf565000 	C:\Windows\System32\shlwapi.dll
0x00007fface5a0000 - 0x00007fface5bf000 	C:\Windows\SYSTEM32\profapi.dll
0x00007ffab0d90000 - 0x00007ffab0da9000 	C:\Program Files\Java\jdk-17.0.1\bin\net.dll
0x00007ffac45c0000 - 0x00007ffac46cc000 	C:\Windows\SYSTEM32\WINHTTP.dll
0x00007ffacdda0000 - 0x00007ffacde0a000 	C:\Windows\system32\mswsock.dll
0x00007ffab0d70000 - 0x00007ffab0d85000 	C:\Program Files\Java\jdk-17.0.1\bin\nio.dll
0x00007ffab0d50000 - 0x00007ffab0d68000 	C:\Program Files\Java\jdk-17.0.1\bin\zip.dll
0x00007ffaafc40000 - 0x00007ffaafc5a000 	C:\Program Files\JetBrains\IntelliJ IDEA Community Edition 2021.2.3\bin\breakgen64.dll
0x0000021f7d110000 - 0x0000021f7d113000 	C:\Users\Hacker-Man\.openjfx\cache\17.0.0.1\api-ms-win-core-console-l1-1-0.dll
0x0000021f7d120000 - 0x0000021f7d123000 	C:\Users\Hacker-Man\.openjfx\cache\17.0.0.1\api-ms-win-core-console-l1-2-0.dll
0x0000021f7d130000 - 0x0000021f7d133000 	C:\Users\Hacker-Man\.openjfx\cache\17.0.0.1\api-ms-win-core-datetime-l1-1-0.dll
0x0000021f7d140000 - 0x0000021f7d143000 	C:\Users\Hacker-Man\.openjfx\cache\17.0.0.1\api-ms-win-core-debug-l1-1-0.dll
0x0000021f7d150000 - 0x0000021f7d153000 	C:\Users\Hacker-Man\.openjfx\cache\17.0.0.1\api-ms-win-core-errorhandling-l1-1-0.dll
0x0000021f7d160000 - 0x0000021f7d164000 	C:\Users\Hacker-Man\.openjfx\cache\17.0.0.1\api-ms-win-core-file-l1-1-0.dll
0x0000021f7d170000 - 0x0000021f7d173000 	C:\Users\Hacker-Man\.openjfx\cache\17.0.0.1\api-ms-win-core-file-l1-2-0.dll
0x0000021f7d180000 - 0x0000021f7d183000 	C:\Users\Hacker-Man\.openjfx\cache\17.0.0.1\api-ms-win-core-file-l2-1-0.dll
0x0000021f7d190000 - 0x0000021f7d193000 	C:\Users\Hacker-Man\.openjfx\cache\17.0.0.1\api-ms-win-core-handle-l1-1-0.dll
0x0000021f7d1a0000 - 0x0000021f7d1a3000 	C:\Users\Hacker-Man\.openjfx\cache\17.0.0.1\api-ms-win-core-heap-l1-1-0.dll
0x0000021f7d1b0000 - 0x0000021f7d1b3000 	C:\Users\Hacker-Man\.openjfx\cache\17.0.0.1\api-ms-win-core-interlocked-l1-1-0.dll
0x0000021f7d1c0000 - 0x0000021f7d1c3000 	C:\Users\Hacker-Man\.openjfx\cache\17.0.0.1\api-ms-win-core-libraryloader-l1-1-0.dll
0x0000021f7d1d0000 - 0x0000021f7d1d3000 	C:\Users\Hacker-Man\.openjfx\cache\17.0.0.1\api-ms-win-core-localization-l1-2-0.dll
0x0000021f7d1e0000 - 0x0000021f7d1e3000 	C:\Users\Hacker-Man\.openjfx\cache\17.0.0.1\api-ms-win-core-memory-l1-1-0.dll
0x0000021f7d1f0000 - 0x0000021f7d1f3000 	C:\Users\Hacker-Man\.openjfx\cache\17.0.0.1\api-ms-win-core-namedpipe-l1-1-0.dll
0x0000021f7d200000 - 0x0000021f7d203000 	C:\Users\Hacker-Man\.openjfx\cache\17.0.0.1\api-ms-win-core-processenvironment-l1-1-0.dll
0x0000021f7d210000 - 0x0000021f7d213000 	C:\Users\Hacker-Man\.openjfx\cache\17.0.0.1\api-ms-win-core-processthreads-l1-1-0.dll
0x0000021f7d220000 - 0x0000021f7d223000 	C:\Users\Hacker-Man\.openjfx\cache\17.0.0.1\api-ms-win-core-processthreads-l1-1-1.dll
0x0000021f7d230000 - 0x0000021f7d233000 	C:\Users\Hacker-Man\.openjfx\cache\17.0.0.1\api-ms-win-core-profile-l1-1-0.dll
0x0000021f7d260000 - 0x0000021f7d263000 	C:\Users\Hacker-Man\.openjfx\cache\17.0.0.1\api-ms-win-core-rtlsupport-l1-1-0.dll
0x0000021f7d270000 - 0x0000021f7d273000 	C:\Users\Hacker-Man\.openjfx\cache\17.0.0.1\api-ms-win-core-string-l1-1-0.dll
0x0000021f7d240000 - 0x0000021f7d243000 	C:\Users\Hacker-Man\.openjfx\cache\17.0.0.1\api-ms-win-core-synch-l1-1-0.dll
0x0000021f0f000000 - 0x0000021f0f003000 	C:\Users\Hacker-Man\.openjfx\cache\17.0.0.1\api-ms-win-core-synch-l1-2-0.dll
0x0000021f0f010000 - 0x0000021f0f013000 	C:\Users\Hacker-Man\.openjfx\cache\17.0.0.1\api-ms-win-core-sysinfo-l1-1-0.dll
0x0000021f0f020000 - 0x0000021f0f023000 	C:\Users\Hacker-Man\.openjfx\cache\17.0.0.1\api-ms-win-core-timezone-l1-1-0.dll

dbghelp: loaded successfully - version: 4.0.5 - missing functions: none
symbol engine: initialized successfully - sym options: 0x614 - pdb path: .;C:\Program Files\Java\jdk-17.0.1\bin;C:\Windows\SYSTEM32;C:\Windows\WinSxS\amd64_microsoft.windows.common-controls_6595b64144ccf1df_6.0.19041.1110_none_60b5254171f9507e;C:\Program Files\Java\jdk-17.0.1\bin\server;C:\Program Files\JetBrains\IntelliJ IDEA Community Edition 2021.2.3\bin;C:\Users\Hacker-Man\.openjfx\cache\17.0.0.1

VM Arguments:
jvm_args: -javaagent:C:\Program Files\JetBrains\IntelliJ IDEA Community Edition 2021.2.3\lib\idea_rt.jar=52717:C:\Program Files\JetBrains\IntelliJ IDEA Community Edition 2021.2.3\bin -Dfile.encoding=UTF-8 --module-path=C:\Users\Hacker-Man\.m2\repository\org\openjfx\javafx-base\17.0.0.1\javafx-base-17.0.0.1-win.jar;C:\Users\Hacker-Man\.m2\repository\org\openjfx\javafx-graphics\17.0.0.1\javafx-graphics-17.0.0.1-win.jar;C:\Users\Hacker-Man\.m2\repository\eu\hansolo\tilesfx\11.48\tilesfx-11.48.jar;C:\Users\Hacker-Man\.m2\repository\org\openjfx\javafx-fxml\17.0.0.1\javafx-fxml-17.0.0.1-win.jar;C:\Users\Hacker-Man\.m2\repository\org\openjfx\javafx-media\17.0.0.1\javafx-media-17.0.0.1-win.jar;C:\Users\Hacker-Man\.m2\repository\org\openjfx\javafx-web\17.0.0.1\javafx-web-17.0.0.1-win.jar;C:\Users\Hacker-Man\.m2\repository\com\dlsc\formsfx\formsfx-core\11.3.2\formsfx-core-11.3.2.jar;C:\Users\Hacker-Man\.m2\repository\org\controlsfx\controlsfx\11.1.0\controlsfx-11.1.0.jar;C:\Users\Hacker-Man\Desktop\HealthForAll\HealthForAll\target\classes;C:\Users\Hacker-Man\.m2\repository\org\openjfx\javafx-controls\17.0.0.1\javafx-controls-17.0.0.1-win.jar;C:\Users\Hacker-Man\.m2\repository\net\synedra\validatorfx\0.1.13\validatorfx-0.1.13.jar;C:\Users\Hacker-Man\Downloads\mongo-java-driver-3.12.10.jar;C:\Users\Hacker-Man\.m2\repository\org\kordamp\ikonli\ikonli-javafx\12.2.0\ikonli-javafx-12.2.0.jar;C:\Users\Hacker-Man\.m2\repository\org\kordamp\ikonli\ikonli-core\12.2.0\ikonli-core-12.2.0.jar;C:\Users\Hacker-Man\.m2\repository\org\kordamp\bootstrapfx\bootstrapfx-core\0.4.0\bootstrapfx-core-0.4.0.jar -Djdk.module.main=com.example.healthforall 
java_command: com.example.healthforall/com.example.healthforall.HelloApplication
java_class_path (initial): C:\Users\Hacker-Man\.m2\repository\org\openjfx\javafx-controls\17.0.0.1\javafx-controls-17.0.0.1.jar;C:\Users\Hacker-Man\.m2\repository\org\openjfx\javafx-graphics\17.0.0.1\javafx-graphics-17.0.0.1.jar;C:\Users\Hacker-Man\.m2\repository\org\openjfx\javafx-base\17.0.0.1\javafx-base-17.0.0.1.jar;C:\Users\Hacker-Man\.m2\repository\org\openjfx\javafx-fxml\17.0.0.1\javafx-fxml-17.0.0.1.jar;C:\Users\Hacker-Man\.m2\repository\org\openjfx\javafx-web\17.0.0.1\javafx-web-17.0.0.1.jar;C:\Users\Hacker-Man\.m2\repository\org\openjfx\javafx-media\17.0.0.1\javafx-media-17.0.0.1.jar;C:\Users\Hacker-Man\Downloads\charm-glisten-4.4.1.jar;C:\Users\Hacker-Man\Downloads\Compressed\fontawesomefx-commons-9.1.2.jar;C:\Users\Hacker-Man\Downloads\Compressed\fontawesomefx-fontawesome-4.7.0-9.1.2.jar;C:\Users\Hacker-Man\Downloads\Compressed\jar_files.zip;C:\Users\Hacker-Man\Downloads\Compressed\jar_files_3.zip;C:\Users\Hacker-Man\Downloads\Compressed\miglayout-core-5.0.jar;C:\Users\Hacker-Man\Downloads\Compressed\miglayout-javafx-5.0.jar;C:\Users\Hacker-Man\Downloads\Compressed\VS2019 Image Library.zip;C:\Users\Hacker-Man\Downloads\Compressed\griffon-miglayout-javafx-2.0.0.jar;C:\Users\Hacker-Man\Downloads\Compressed\mongodb-compass-1.29.6-win32-x64.zip;C:\Users\Hacker-Man\Downloads\Compressed\openjfx-17.0.1_windows-x86_bin-sdk.zip
Launcher Type: SUN_STANDARD

[Global flags]
     intx CICompilerCount                          = 4                                         {product} {ergonomic}
     uint ConcGCThreads                            = 2                                         {product} {ergonomic}
     uint G1ConcRefinementThreads                  = 8                                         {product} {ergonomic}
   size_t G1HeapRegionSize                         = 1048576                                   {product} {ergonomic}
    uintx GCDrainStackTargetSize                   = 64                                        {product} {ergonomic}
   size_t InitialHeapSize                          = 134217728                                 {product} {ergonomic}
   size_t MarkStackSize                            = 4194304                                   {product} {ergonomic}
   size_t MaxHeapSize                              = 2116026368                                {product} {ergonomic}
   size_t MaxNewSize                               = 1268776960                                {product} {ergonomic}
   size_t MinHeapDeltaBytes                        = 1048576                                   {product} {ergonomic}
   size_t MinHeapSize                              = 8388608                                   {product} {ergonomic}
    uintx NonNMethodCodeHeapSize                   = 5839372                                {pd product} {ergonomic}
    uintx NonProfiledCodeHeapSize                  = 122909434                              {pd product} {ergonomic}
    uintx ProfiledCodeHeapSize                     = 122909434                              {pd product} {ergonomic}
    uintx ReservedCodeCacheSize                    = 251658240                              {pd product} {ergonomic}
     bool SegmentedCodeCache                       = true                                      {product} {ergonomic}
   size_t SoftMaxHeapSize                          = 2116026368                             {manageable} {ergonomic}
     bool UseCompressedClassPointers               = true                           {product lp64_product} {ergonomic}
     bool UseCompressedOops                        = true                           {product lp64_product} {ergonomic}
     bool UseG1GC                                  = true                                      {product} {ergonomic}
     bool UseLargePagesIndividualAllocation        = false                                  {pd product} {ergonomic}

Logging:
Log output configuration:
 #0: stdout all=warning uptime,level,tags
 #1: stderr all=off uptime,level,tags

Environment Variables:
PATH=C:\Program Files\Common Files\Oracle\Java\javapath;C:\Program Files (x86)\VMware\VMware Player\bin\;C:\Windows\system32;C:\Windows;C:\Windows\System32\Wbem;C:\Windows\System32\WindowsPowerShell\v1.0\;C:\Windows\System32\OpenSSH\;C:\Program Files\dotnet\;C:\Program Files\Microsoft SQL Server\150\Tools\Binn\;C:\Program Files\Microsoft SQL Server\Client SDK\ODBC\170\Tools\Binn\;C:\Program Files\Git\cmd;C:\Program Files\MongoDB\Server\5.0\bin;C:\Program Files\Microsoft\Web Platform Installer\;C:\Program Files (x86)\Microsoft ASP.NET\ASP.NET Web Pages\v1.0\;C:\Program Files\Microsoft SQL Server\110\Tools\Binn\;C:\Users\Hacker-Man\AppData\Local\Microsoft\WindowsApps;C:\Users\Hacker-Man\.dotnet\tools;C:\Users\Hacker-Man\AppData\Local\GitHubDesktop\bin;C:\Program Files\MongoDB\Server\5.0\bin;
USERNAME=Hacker-Man
OS=Windows_NT
PROCESSOR_IDENTIFIER=Intel64 Family 6 Model 94 Stepping 3, GenuineIntel



---------------  S Y S T E M  ---------------

OS:
 Windows 10 , 64 bit Build 19041 (10.0.19041.1348)
OS uptime: 0 days 10:59 hours

CPU: total 8 (initial active 8) (4 cores per cpu, 2 threads per core) family 6 model 94 stepping 3 microcode 0xcc, cx8, cmov, fxsr, ht, mmx, 3dnowpref, sse, sse2, sse3, ssse3, sse4.1, sse4.2, popcnt, lzcnt, tsc, tscinvbit, avx, avx2, aes, erms, clmul, bmi1, bmi2, rtm, adx, fma, vzeroupper, clflush, clflushopt

Memory: 4k page, system-wide physical 8064M (480M free)
TotalPageFile size 11321M (AvailPageFile size 0M)
current process WorkingSet (physical memory assigned to process): 67M, peak: 67M
current process commit charge ("private bytes"): 227M, peak: 227M

vm_info: Java HotSpot(TM) 64-Bit Server VM (17.0.1+12-LTS-39) for windows-amd64 JRE (17.0.1+12-LTS-39), built on Sep 27 2021 18:41:35 by "mach5one" with MS VC++ 16.8 (VS2019)

END.
